<?xml version="1.0" encoding="UTF-8"?>
<coverage generated="1663695935351" clover="3.2.0">
  <project timestamp="1663695935351" name="All files">
    <metrics statements="12" coveredstatements="11" conditionals="4" coveredconditionals="3" methods="5" coveredmethods="5" elements="21" coveredelements="19" complexity="0" loc="12" ncloc="12" packages="1" files="3" classes="3"/>
    <file name="async.js" path="C:\laragon\www\belajar-unit_test-nodejs\src\async.js">
      <metrics statements="6" coveredstatements="6" conditionals="2" coveredconditionals="2" methods="3" coveredmethods="3"/>
      <line num="1" count="1" type="stmt"/>
      <line num="2" count="3" type="stmt"/>
      <line num="3" count="3" type="stmt"/>
      <line num="4" count="3" type="cond" truecount="2" falsecount="0"/>
      <line num="5" count="2" type="stmt"/>
      <line num="7" count="1" type="stmt"/>
    </file>
    <file name="exception.js" path="C:\laragon\www\belajar-unit_test-nodejs\src\exception.js">
      <metrics statements="4" coveredstatements="3" conditionals="2" coveredconditionals="1" methods="1" coveredmethods="1"/>
      <line num="5" count="1" type="stmt"/>
      <line num="6" count="2" type="cond" truecount="1" falsecount="1"/>
      <line num="7" count="2" type="stmt"/>
      <line num="9" count="0" type="stmt"/>
    </file>
    <file name="sum.js" path="C:\laragon\www\belajar-unit_test-nodejs\src\sum.js">
      <metrics statements="2" coveredstatements="2" conditionals="0" coveredconditionals="0" methods="1" coveredmethods="1"/>
      <line num="1" count="2" type="stmt"/>
      <line num="2" count="5" type="stmt"/>
    </file>
  </project>
</coverage>
